<?xml version="1.0" encoding="UTF-8"?>
<!-- Generated by org.testng.reporters.JUnitXMLReporter -->
<testsuite hostname="DELL-PC" name="Default test" tests="4" failures="0" timestamp="26 Feb 2017 10:40:09 GMT" time="60.287" errors="0">
  <testcase name="invalidsearch" time="7.402" classname="testScripts.Scenario_Search"/>
  <testcase name="validsearch" time="7.602" classname="testScripts.Scenario_Search"/>
  <testcase name="validsearch" time="8.321" classname="testScripts.Scenario_Search"/>
  <testcase name="validsearch" time="5.841" classname="testScripts.Scenario_Search"/>
</testsuite> <!-- Default test -->
