<?xml version="1.0" encoding="UTF-8"?>
<!-- Generated by org.testng.reporters.JUnitXMLReporter -->
<testsuite hostname="DELL-PC" name="Test" tests="5" failures="0" timestamp="26 Feb 2017 11:04:50 GMT" time="46.502" errors="0">
  <testcase name="invalidsearch" time="3.067" classname="testScripts.Scenario_Search"/>
  <testcase name="validsearch" time="3.252" classname="testScripts.Scenario_Search"/>
  <testcase name="validsearch" time="3.429" classname="testScripts.Scenario_Search"/>
  <testcase name="validsearch" time="3.454" classname="testScripts.Scenario_Search"/>
  <testcase name="ValidLogin" time="2.042" classname="testScripts.Scenario_Login"/>
</testsuite> <!-- Test -->
