<?xml version="1.0" encoding="UTF-8"?>
<testng-results skipped="0" failed="0" total="5" passed="5">
  <reporter-output>
  </reporter-output>
  <suite name="Suite" duration-ms="46502" started-at="2017-02-26T11:04:04Z" finished-at="2017-02-26T11:04:50Z">
    <groups>
    </groups>
    <test name="Test" duration-ms="46502" started-at="2017-02-26T11:04:04Z" finished-at="2017-02-26T11:04:50Z">
      <class name="testScripts.Scenario_Login">
        <test-method status="PASS" signature="launchApp(java.lang.String)[pri:0, instance:testScripts.Scenario_Login@a3426]" name="launchApp" is-config="true" duration-ms="5124" started-at="2017-02-26T16:34:42Z" finished-at="2017-02-26T16:34:47Z">
          <params>
            <param index="0">
              <value>
                <![CDATA[chrome]]>
              </value>
            </param>
          </params>
          <reporter-output>
          </reporter-output>
        </test-method> <!-- launchApp -->
        <test-method status="PASS" signature="ValidLogin(java.util.Map)[pri:0, instance:testScripts.Scenario_Login@a3426]" name="ValidLogin" duration-ms="2042" started-at="2017-02-26T16:34:47Z" data-provider="commondp" finished-at="2017-02-26T16:34:49Z">
          <params>
            <param index="0">
              <value>
                <![CDATA[{Order=1.0, Script=ValidLogin, Uname=qtpworld2008@gmail.com, TC_ID=GB_07, Execute=Y, Exp_msg=Hi qtpworld2008 , Pwd=learn123}]]>
              </value>
            </param>
          </params>
          <reporter-output>
          </reporter-output>
        </test-method> <!-- ValidLogin -->
        <test-method status="PASS" signature="tearDown()[pri:0, instance:testScripts.Scenario_Login@a3426]" name="tearDown" is-config="true" duration-ms="796" started-at="2017-02-26T16:34:49Z" finished-at="2017-02-26T16:34:50Z">
          <reporter-output>
          </reporter-output>
        </test-method> <!-- tearDown -->
      </class> <!-- testScripts.Scenario_Login -->
      <class name="testScripts.Scenario_Search">
        <test-method status="PASS" signature="initReports()[pri:0, instance:testScripts.Scenario_Search@136e911]" name="initReports" is-config="true" duration-ms="94" started-at="2017-02-26T16:34:04Z" finished-at="2017-02-26T16:34:04Z">
          <reporter-output>
          </reporter-output>
        </test-method> <!-- initReports -->
        <test-method status="PASS" signature="launchApp(java.lang.String)[pri:0, instance:testScripts.Scenario_Search@136e911]" name="launchApp" is-config="true" duration-ms="6594" started-at="2017-02-26T16:34:04Z" finished-at="2017-02-26T16:34:11Z">
          <params>
            <param index="0">
              <value>
                <![CDATA[chrome]]>
              </value>
            </param>
          </params>
          <reporter-output>
          </reporter-output>
        </test-method> <!-- launchApp -->
        <test-method status="PASS" signature="invalidsearch(java.util.Map)[pri:0, instance:testScripts.Scenario_Search@136e911]" name="invalidsearch" duration-ms="3067" started-at="2017-02-26T16:34:11Z" data-provider="commondp" finished-at="2017-02-26T16:34:14Z">
          <params>
            <param index="0">
              <value>
                <![CDATA[{Order=1.0, exp_result=Sorry..'kdsf' does not match any product on Rediff Books., Script=invalidsearch, searchoption=kdsf, TC_ID=GB_08, Execute=Y}]]>
              </value>
            </param>
          </params>
          <reporter-output>
          </reporter-output>
        </test-method> <!-- invalidsearch -->
        <test-method status="PASS" signature="tearDown()[pri:0, instance:testScripts.Scenario_Search@136e911]" name="tearDown" is-config="true" duration-ms="1151" started-at="2017-02-26T16:34:14Z" finished-at="2017-02-26T16:34:15Z">
          <reporter-output>
          </reporter-output>
        </test-method> <!-- tearDown -->
        <test-method status="PASS" signature="launchApp(java.lang.String)[pri:0, instance:testScripts.Scenario_Search@136e911]" name="launchApp" is-config="true" duration-ms="4891" started-at="2017-02-26T16:34:15Z" finished-at="2017-02-26T16:34:20Z">
          <params>
            <param index="0">
              <value>
                <![CDATA[chrome]]>
              </value>
            </param>
          </params>
          <reporter-output>
          </reporter-output>
        </test-method> <!-- launchApp -->
        <test-method status="PASS" signature="validsearch(java.util.Map)[pri:0, instance:testScripts.Scenario_Search@136e911]" name="validsearch" duration-ms="3252" started-at="2017-02-26T16:34:20Z" data-provider="commondp" finished-at="2017-02-26T16:34:23Z">
          <params>
            <param index="0">
              <value>
                <![CDATA[{Order=1.0, exp_result=234.0, Script=validsearch, searchoption=ways, TC_ID=GB_09, Execute=Y}]]>
              </value>
            </param>
          </params>
          <reporter-output>
          </reporter-output>
        </test-method> <!-- validsearch -->
        <test-method status="PASS" signature="tearDown()[pri:0, instance:testScripts.Scenario_Search@136e911]" name="tearDown" is-config="true" duration-ms="806" started-at="2017-02-26T16:34:23Z" finished-at="2017-02-26T16:34:24Z">
          <reporter-output>
          </reporter-output>
        </test-method> <!-- tearDown -->
        <test-method status="PASS" signature="launchApp(java.lang.String)[pri:0, instance:testScripts.Scenario_Search@136e911]" name="launchApp" is-config="true" duration-ms="4910" started-at="2017-02-26T16:34:24Z" finished-at="2017-02-26T16:34:29Z">
          <params>
            <param index="0">
              <value>
                <![CDATA[chrome]]>
              </value>
            </param>
          </params>
          <reporter-output>
          </reporter-output>
        </test-method> <!-- launchApp -->
        <test-method status="PASS" signature="validsearch(java.util.Map)[pri:0, instance:testScripts.Scenario_Search@136e911]" name="validsearch" duration-ms="3429" started-at="2017-02-26T16:34:29Z" data-provider="commondp" finished-at="2017-02-26T16:34:32Z">
          <params>
            <param index="0">
              <value>
                <![CDATA[{Order=1.0, exp_result=342.0, Script=validsearch, searchoption=chandler, TC_ID=GB_10, Execute=Y}]]>
              </value>
            </param>
          </params>
          <reporter-output>
          </reporter-output>
        </test-method> <!-- validsearch -->
        <test-method status="PASS" signature="tearDown()[pri:0, instance:testScripts.Scenario_Search@136e911]" name="tearDown" is-config="true" duration-ms="823" started-at="2017-02-26T16:34:32Z" finished-at="2017-02-26T16:34:33Z">
          <reporter-output>
          </reporter-output>
        </test-method> <!-- tearDown -->
        <test-method status="PASS" signature="launchApp(java.lang.String)[pri:0, instance:testScripts.Scenario_Search@136e911]" name="launchApp" is-config="true" duration-ms="4708" started-at="2017-02-26T16:34:33Z" finished-at="2017-02-26T16:34:38Z">
          <params>
            <param index="0">
              <value>
                <![CDATA[chrome]]>
              </value>
            </param>
          </params>
          <reporter-output>
          </reporter-output>
        </test-method> <!-- launchApp -->
        <test-method status="PASS" signature="validsearch(java.util.Map)[pri:0, instance:testScripts.Scenario_Search@136e911]" name="validsearch" duration-ms="3454" started-at="2017-02-26T16:34:38Z" data-provider="commondp" finished-at="2017-02-26T16:34:41Z">
          <params>
            <param index="0">
              <value>
                <![CDATA[{Order=1.0, exp_result=35.0, Script=validsearch, searchoption=jaico, TC_ID=GB_11, Execute=Y}]]>
              </value>
            </param>
          </params>
          <reporter-output>
          </reporter-output>
        </test-method> <!-- validsearch -->
        <test-method status="PASS" signature="tearDown()[pri:0, instance:testScripts.Scenario_Search@136e911]" name="tearDown" is-config="true" duration-ms="809" started-at="2017-02-26T16:34:41Z" finished-at="2017-02-26T16:34:42Z">
          <reporter-output>
          </reporter-output>
        </test-method> <!-- tearDown -->
      </class> <!-- testScripts.Scenario_Search -->
    </test> <!-- Test -->
  </suite> <!-- Suite -->
</testng-results>
